==133021== Memcheck, a memory error detector
==133021== Copyright (C) 2002-2017, and GNU GPL'd, by Julian Seward et al.
==133021== Using Valgrind-3.18.1-42b08ed5bd-20211015 and LibVEX; rerun with -h for copyright info
==133021== Command: ./test_valgrind_infra
==133021== Parent PID: 133010
==133021== 
--133021-- 
--133021-- Valgrind options:
--133021--    --leak-check=full
--133021--    --show-leak-kinds=all
--133021--    --track-origins=yes
--133021--    --verbose
--133021--    --log-file=valgrind_infra.log
--133021-- Contents of /proc/version:
--133021--   Linux version 6.8.0-60-generic (buildd@lcy02-amd64-098) (x86_64-linux-gnu-gcc-12 (Ubuntu 12.3.0-1ubuntu1~22.04) 12.3.0, GNU ld (GNU Binutils for Ubuntu) 2.38) #63~22.04.1-Ubuntu SMP PREEMPT_DYNAMIC Tue Apr 22 19:00:15 UTC 2
--133021-- 
--133021-- Arch and hwcaps: AMD64, LittleEndian, amd64-cx16-lzcnt-rdtscp-sse3-ssse3-avx-avx2-bmi-f16c-rdrand-rdseed
--133021-- Page sizes: currently 4096, max supported 4096
--133021-- Valgrind library directory: /usr/libexec/valgrind
--133021-- Reading syms from /home/heartmetal/Desktop/Test/test_valgrind_infra
--133021-- Reading syms from /usr/lib/x86_64-linux-gnu/ld-linux-x86-64.so.2
--133021--   Considering /usr/lib/debug/.build-id/9c/b53985768bb99f138f48655f7b8bf7e420d13d.debug ..
--133021--   .. build-id is valid
--133021-- Reading syms from /usr/libexec/valgrind/memcheck-amd64-linux
--133021--    object doesn't have a symbol table
--133021--    object doesn't have a dynamic symbol table
--133021-- Scheduler: using generic scheduler lock implementation.
--133021-- Reading suppressions file: /usr/libexec/valgrind/default.supp
==133021== embedded gdbserver: reading from /tmp/vgdb-pipe-from-vgdb-to-133021-by-heartmetal-on-???
==133021== embedded gdbserver: writing to   /tmp/vgdb-pipe-to-vgdb-from-133021-by-heartmetal-on-???
==133021== embedded gdbserver: shared mem   /tmp/vgdb-pipe-shared-mem-vgdb-133021-by-heartmetal-on-???
==133021== 
==133021== TO CONTROL THIS PROCESS USING vgdb (which you probably
==133021== don't want to do, unless you know exactly what you're doing,
==133021== or are doing some strange experiment):
==133021==   /usr/bin/vgdb --pid=133021 ...command...
==133021== 
==133021== TO DEBUG THIS PROCESS USING GDB: start GDB like this
==133021==   /path/to/gdb ./test_valgrind_infra
==133021== and then give GDB the following command
==133021==   target remote | /usr/bin/vgdb --pid=133021
==133021== --pid is optional if only one valgrind process is running
==133021== 
--133021-- REDIR: 0x402aa40 (ld-linux-x86-64.so.2:strlen) redirected to 0x580bcec2 (???)
--133021-- REDIR: 0x402a810 (ld-linux-x86-64.so.2:index) redirected to 0x580bcedc (???)
--133021-- Reading syms from /usr/libexec/valgrind/vgpreload_core-amd64-linux.so
--133021--    object doesn't have a symbol table
--133021-- Reading syms from /usr/libexec/valgrind/vgpreload_memcheck-amd64-linux.so
--133021--    object doesn't have a symbol table
==133021== WARNING: new redirection conflicts with existing -- ignoring it
--133021--     old: 0x0402aa40 (strlen              ) R-> (0000.0) 0x580bcec2 ???
--133021--     new: 0x0402aa40 (strlen              ) R-> (2007.0) 0x0484ee30 strlen
--133021-- REDIR: 0x4027220 (ld-linux-x86-64.so.2:strcmp) redirected to 0x484fcd0 (strcmp)
--133021-- REDIR: 0x402afa0 (ld-linux-x86-64.so.2:mempcpy) redirected to 0x4853840 (mempcpy)
--133021-- Reading syms from /usr/lib/x86_64-linux-gnu/libc.so.6
--133021--   Considering /usr/lib/debug/.build-id/d5/197096f709801829b118af1b7cf6631efa2dcd.debug ..
--133021--   .. build-id is valid
==133021== WARNING: new redirection conflicts with existing -- ignoring it
--133021--     old: 0x04915c60 (memalign            ) R-> (1011.0) 0x0484e080 memalign
--133021--     new: 0x04915c60 (memalign            ) R-> (1017.0) 0x0484e050 aligned_alloc
==133021== WARNING: new redirection conflicts with existing -- ignoring it
--133021--     old: 0x04915c60 (memalign            ) R-> (1011.0) 0x0484e080 memalign
--133021--     new: 0x04915c60 (memalign            ) R-> (1017.0) 0x0484e020 aligned_alloc
==133021== WARNING: new redirection conflicts with existing -- ignoring it
--133021--     old: 0x04915c60 (memalign            ) R-> (1011.0) 0x0484e080 memalign
--133021--     new: 0x04915c60 (memalign            ) R-> (1017.0) 0x0484e050 aligned_alloc
==133021== WARNING: new redirection conflicts with existing -- ignoring it
--133021--     old: 0x04915c60 (memalign            ) R-> (1011.0) 0x0484e080 memalign
--133021--     new: 0x04915c60 (memalign            ) R-> (1017.0) 0x0484e020 aligned_alloc
--133021-- REDIR: 0x4918720 (libc.so.6:strnlen) redirected to 0x483f220 (_vgnU_ifunc_wrapper)
--133021-- REDIR: 0x49189e0 (libc.so.6:strpbrk) redirected to 0x483f220 (_vgnU_ifunc_wrapper)
--133021-- REDIR: 0x49182e0 (libc.so.6:strcmp) redirected to 0x483f220 (_vgnU_ifunc_wrapper)
--133021-- REDIR: 0x4936cd0 (libc.so.6:wcsnlen) redirected to 0x483f220 (_vgnU_ifunc_wrapper)
--133021-- REDIR: 0x49196d0 (libc.so.6:memset) redirected to 0x483f220 (_vgnU_ifunc_wrapper)
--133021-- REDIR: 0x4935540 (libc.so.6:wcslen) redirected to 0x483f220 (_vgnU_ifunc_wrapper)
--133021-- REDIR: 0x4919c10 (libc.so.6:memcpy@@GLIBC_2.14) redirected to 0x483f220 (_vgnU_ifunc_wrapper)
--133021-- REDIR: 0x4935370 (libc.so.6:wcschr) redirected to 0x483f220 (_vgnU_ifunc_wrapper)
--133021-- REDIR: 0x4918260 (libc.so.6:index) redirected to 0x483f220 (_vgnU_ifunc_wrapper)
--133021-- REDIR: 0x4918960 (libc.so.6:rindex) redirected to 0x483f220 (_vgnU_ifunc_wrapper)
--133021-- REDIR: 0x49195a0 (libc.so.6:memmove) redirected to 0x483f220 (_vgnU_ifunc_wrapper)
==133021== Preferring higher priority redirection:
--133021--     old: 0x04a107c0 (__memcpy_avx_unalign) R-> (2018.0) 0x04850f90 __memcpy_avx_unaligned_erms
--133021--     new: 0x04a107c0 (__memcpy_avx_unalign) R-> (2018.1) 0x04852880 memmove
--133021-- REDIR: 0x49353f0 (libc.so.6:wcscmp) redirected to 0x483f220 (_vgnU_ifunc_wrapper)
--133021-- REDIR: 0x49199e0 (libc.so.6:stpncpy) redirected to 0x483f220 (_vgnU_ifunc_wrapper)
--133021-- REDIR: 0x49359b0 (libc.so.6:wmemchr) redirected to 0x483f220 (_vgnU_ifunc_wrapper)
--133021-- REDIR: 0x4918830 (libc.so.6:strncmp) redirected to 0x483f220 (_vgnU_ifunc_wrapper)
--133021-- REDIR: 0x4919a70 (libc.so.6:strcasecmp) redirected to 0x483f220 (_vgnU_ifunc_wrapper)
--133021-- REDIR: 0x4918420 (libc.so.6:strcspn) redirected to 0x483f220 (_vgnU_ifunc_wrapper)
--133021-- REDIR: 0x4935470 (libc.so.6:wcscpy) redirected to 0x483f220 (_vgnU_ifunc_wrapper)
--133021-- REDIR: 0x49181d0 (libc.so.6:strcat) redirected to 0x483f220 (_vgnU_ifunc_wrapper)
--133021-- REDIR: 0x4919b60 (libc.so.6:strncasecmp_l) redirected to 0x483f220 (_vgnU_ifunc_wrapper)
--133021-- REDIR: 0x4919480 (libc.so.6:bcmp) redirected to 0x483f220 (_vgnU_ifunc_wrapper)
--133021-- REDIR: 0x4921570 (libc.so.6:memrchr) redirected to 0x483f220 (_vgnU_ifunc_wrapper)
--133021-- REDIR: 0x491b010 (libc.so.6:strchrnul) redirected to 0x483f220 (_vgnU_ifunc_wrapper)
--133021-- REDIR: 0x4918390 (libc.so.6:strcpy) redirected to 0x483f220 (_vgnU_ifunc_wrapper)
--133021-- REDIR: 0x4919b10 (libc.so.6:strcasecmp_l) redirected to 0x483f220 (_vgnU_ifunc_wrapper)
--133021-- REDIR: 0x49186a0 (libc.so.6:strlen) redirected to 0x483f220 (_vgnU_ifunc_wrapper)
--133021-- REDIR: 0x49188d0 (libc.so.6:strncpy) redirected to 0x483f220 (_vgnU_ifunc_wrapper)
--133021-- REDIR: 0x4919950 (libc.so.6:stpcpy) redirected to 0x483f220 (_vgnU_ifunc_wrapper)
--133021-- REDIR: 0x49193f0 (libc.so.6:memchr) redirected to 0x483f220 (_vgnU_ifunc_wrapper)
--133021-- REDIR: 0x4918b00 (libc.so.6:strspn) redirected to 0x483f220 (_vgnU_ifunc_wrapper)
--133021-- REDIR: 0x49197d0 (libc.so.6:mempcpy) redirected to 0x483f220 (_vgnU_ifunc_wrapper)
--133021-- REDIR: 0x4919ac0 (libc.so.6:strncasecmp) redirected to 0x483f220 (_vgnU_ifunc_wrapper)
--133021-- REDIR: 0x491af80 (libc.so.6:rawmemchr) redirected to 0x483f220 (_vgnU_ifunc_wrapper)
--133021-- REDIR: 0x4a0d610 (libc.so.6:__strrchr_avx2) redirected to 0x484e810 (rindex)
--133021-- REDIR: 0x4a0d7e0 (libc.so.6:__strlen_avx2) redirected to 0x484ed10 (strlen)
--133021-- REDIR: 0x49150a0 (libc.so.6:malloc) redirected to 0x4848820 (malloc)
--133021-- REDIR: 0x4a10780 (libc.so.6:__mempcpy_avx_unaligned_erms) redirected to 0x4853440 (mempcpy)
--133021-- REDIR: 0x4a0d400 (libc.so.6:__strchrnul_avx2) redirected to 0x4853330 (strchrnul)
--133021-- REDIR: 0x49153e0 (libc.so.6:free) redirected to 0x484b210 (free)
==133021== 
==133021== HEAP SUMMARY:
==133021==     in use at exit: 0 bytes in 0 blocks
==133021==   total heap usage: 5 allocs, 5 frees, 4,170 bytes allocated
==133021== 
==133021== All heap blocks were freed -- no leaks are possible
==133021== 
==133021== ERROR SUMMARY: 0 errors from 0 contexts (suppressed: 0 from 0)
